2020-06-12 16:23:50,252 CRIT Supervisor is running as root.  Privileges were not dropped because no user is specified in the config file.  If you intend to run as root, you can set user=root in the config file to avoid this message.
2020-06-12 16:23:50,254 INFO Included extra file "/opt/docker/etc/supervisor.d/cron.conf" during parsing
2020-06-12 16:23:50,255 INFO Included extra file "/opt/docker/etc/supervisor.d/dnsmasq.conf" during parsing
2020-06-12 16:23:50,256 INFO Included extra file "/opt/docker/etc/supervisor.d/php-fpm.conf" during parsing
2020-06-12 16:23:50,258 INFO Included extra file "/opt/docker/etc/supervisor.d/postfix.conf" during parsing
2020-06-12 16:23:50,259 INFO Included extra file "/opt/docker/etc/supervisor.d/ssh.conf" during parsing
2020-06-12 16:23:50,259 INFO Included extra file "/opt/docker/etc/supervisor.d/syslog.conf" during parsing
2020-06-12 16:23:50,277 INFO RPC interface 'supervisor' initialized
2020-06-12 16:23:50,282 INFO supervisord started with pid 1
2020-06-12 16:23:51,289 INFO spawned: 'syslogd' with pid 346
2020-06-12 16:23:51,298 INFO spawned: 'php-fpmd' with pid 347
2020-06-12 16:23:51,301 INFO spawned: 'crond' with pid 348
2020-06-12 16:23:51,305 INFO success: php-fpmd entered RUNNING state, process has stayed up for > than 0 seconds (startsecs)
2020-06-12 16:23:51,306 INFO success: crond entered RUNNING state, process has stayed up for > than 0 seconds (startsecs)
2020-06-12 16:23:52,511 INFO success: syslogd entered RUNNING state, process has stayed up for > than 1 seconds (startsecs)
2020-06-16 07:13:03,679 CRIT Supervisor is running as root.  Privileges were not dropped because no user is specified in the config file.  If you intend to run as root, you can set user=root in the config file to avoid this message.
2020-06-16 07:13:03,679 INFO Included extra file "/opt/docker/etc/supervisor.d/cron.conf" during parsing
2020-06-16 07:13:03,679 INFO Included extra file "/opt/docker/etc/supervisor.d/dnsmasq.conf" during parsing
2020-06-16 07:13:03,679 INFO Included extra file "/opt/docker/etc/supervisor.d/php-fpm.conf" during parsing
2020-06-16 07:13:03,679 INFO Included extra file "/opt/docker/etc/supervisor.d/postfix.conf" during parsing
2020-06-16 07:13:03,679 INFO Included extra file "/opt/docker/etc/supervisor.d/ssh.conf" during parsing
2020-06-16 07:13:03,680 INFO Included extra file "/opt/docker/etc/supervisor.d/syslog.conf" during parsing
2020-06-16 07:13:03,695 INFO RPC interface 'supervisor' initialized
2020-06-16 07:13:03,696 INFO supervisord started with pid 1
2020-06-16 07:13:04,703 INFO spawned: 'syslogd' with pid 345
2020-06-16 07:13:04,709 INFO spawned: 'php-fpmd' with pid 346
2020-06-16 07:13:04,715 INFO spawned: 'crond' with pid 347
2020-06-16 07:13:04,738 INFO success: php-fpmd entered RUNNING state, process has stayed up for > than 0 seconds (startsecs)
2020-06-16 07:13:04,738 INFO success: crond entered RUNNING state, process has stayed up for > than 0 seconds (startsecs)
2020-06-16 07:13:06,088 INFO success: syslogd entered RUNNING state, process has stayed up for > than 1 seconds (startsecs)
2020-06-16 07:16:19,614 WARN received SIGQUIT indicating exit request
2020-06-16 07:16:19,614 INFO waiting for php-fpmd, crond, syslogd to die
2020-06-16 07:16:21,618 INFO stopped: crond (terminated by SIGTERM)
2020-06-16 07:16:21,649 INFO stopped: php-fpmd (exit status 0)
2020-06-16 07:16:22,651 INFO waiting for syslogd to die
2020-06-16 07:16:22,753 INFO stopped: syslogd (exit status 0)
2020-06-16 07:20:50,219 CRIT Supervisor is running as root.  Privileges were not dropped because no user is specified in the config file.  If you intend to run as root, you can set user=root in the config file to avoid this message.
2020-06-16 07:20:50,219 INFO Included extra file "/opt/docker/etc/supervisor.d/cron.conf" during parsing
2020-06-16 07:20:50,219 INFO Included extra file "/opt/docker/etc/supervisor.d/dnsmasq.conf" during parsing
2020-06-16 07:20:50,219 INFO Included extra file "/opt/docker/etc/supervisor.d/php-fpm.conf" during parsing
2020-06-16 07:20:50,219 INFO Included extra file "/opt/docker/etc/supervisor.d/postfix.conf" during parsing
2020-06-16 07:20:50,219 INFO Included extra file "/opt/docker/etc/supervisor.d/ssh.conf" during parsing
2020-06-16 07:20:50,220 INFO Included extra file "/opt/docker/etc/supervisor.d/syslog.conf" during parsing
2020-06-16 07:20:50,244 INFO RPC interface 'supervisor' initialized
2020-06-16 07:20:50,244 INFO supervisord started with pid 1
2020-06-16 07:20:51,247 INFO spawned: 'syslogd' with pid 345
2020-06-16 07:20:51,249 INFO spawned: 'php-fpmd' with pid 346
2020-06-16 07:20:51,250 INFO spawned: 'crond' with pid 347
2020-06-16 07:20:51,258 INFO success: php-fpmd entered RUNNING state, process has stayed up for > than 0 seconds (startsecs)
2020-06-16 07:20:51,258 INFO success: crond entered RUNNING state, process has stayed up for > than 0 seconds (startsecs)
2020-06-16 07:20:52,448 INFO success: syslogd entered RUNNING state, process has stayed up for > than 1 seconds (startsecs)
2020-06-16 18:11:50,592 WARN received SIGQUIT indicating exit request
2020-06-16 18:11:50,597 INFO waiting for php-fpmd, crond, syslogd to die
2020-06-16 18:11:52,614 INFO stopped: crond (terminated by SIGTERM)
2020-06-16 18:11:52,966 INFO stopped: php-fpmd (exit status 0)
2020-06-16 18:11:53,970 INFO waiting for syslogd to die
2020-06-16 18:11:54,105 INFO stopped: syslogd (exit status 0)
2020-06-17 07:21:18,697 CRIT Supervisor is running as root.  Privileges were not dropped because no user is specified in the config file.  If you intend to run as root, you can set user=root in the config file to avoid this message.
2020-06-17 07:21:18,697 INFO Included extra file "/opt/docker/etc/supervisor.d/cron.conf" during parsing
2020-06-17 07:21:18,697 INFO Included extra file "/opt/docker/etc/supervisor.d/dnsmasq.conf" during parsing
2020-06-17 07:21:18,697 INFO Included extra file "/opt/docker/etc/supervisor.d/php-fpm.conf" during parsing
2020-06-17 07:21:18,697 INFO Included extra file "/opt/docker/etc/supervisor.d/postfix.conf" during parsing
2020-06-17 07:21:18,697 INFO Included extra file "/opt/docker/etc/supervisor.d/ssh.conf" during parsing
2020-06-17 07:21:18,697 INFO Included extra file "/opt/docker/etc/supervisor.d/syslog.conf" during parsing
2020-06-17 07:21:18,719 INFO RPC interface 'supervisor' initialized
2020-06-17 07:21:18,727 INFO supervisord started with pid 1
2020-06-17 07:21:19,838 INFO spawned: 'syslogd' with pid 345
2020-06-17 07:21:19,842 INFO spawned: 'php-fpmd' with pid 346
2020-06-17 07:21:19,844 INFO spawned: 'crond' with pid 347
2020-06-17 07:21:20,220 INFO success: php-fpmd entered RUNNING state, process has stayed up for > than 0 seconds (startsecs)
2020-06-17 07:21:20,220 INFO success: crond entered RUNNING state, process has stayed up for > than 0 seconds (startsecs)
2020-06-17 07:21:21,473 INFO success: syslogd entered RUNNING state, process has stayed up for > than 1 seconds (startsecs)
